  Animation.cpp
  Animations.cpp
  Brick.cpp
  Coin.cpp
  Collision.cpp
  debug.cpp
  Game.cpp
  GameObject.cpp
  Goomba.cpp
  main.cpp
  Mario.cpp
  Platform.cpp
  PlayScene.cpp
  Portal.cpp
  SampleKeyEventHandler.cpp
  Sprite.cpp
  Sprites.cpp
  Textures.cpp
  Utils.cpp
  Generating Code...
  LINK : C:\Users\kuuha\OneDrive\Desktop\game_project\x64\Debug\game_project.exe not found or not built by the last incremental link; performing full link
  game_project.vcxproj -> C:\Users\kuuha\OneDrive\Desktop\game_project\x64\Debug\game_project.exe
